Build started 24/01/2015 11:40:54.
     1>Project "C:\Users\IarfMoose\Documents\GitHub\MooseBotZ\StarcraftBuildOrderSearch1\VisualStudio\StarcraftBuildOrderSearch.vcxproj" on node 3 (Rebuild target(s)).
     1>ClCompile:
         C:\Program Files (x86)\Microsoft Visual Studio 9.0\VC\bin\CL.exe /c /IC:\Users\IarfMoose\Downloads\boost_1_55_0 /IC:\Users\IarfMoose\Downloads\BWAPI_3.7.4/include /Zi /nologo /W3 /WX- /O2 /Oi /Oy- /GL /D WIN32 /D NDEBUG /D _CONSOLE /D NOMINMAX /D _UNICODE /D UNICODE /Gm- /EHsc /MD /GS /Gy /fp:precise /Zc:wchar_t /Zc:forScope /Fo"Release\\" /Fd"Release\vc90.pdb" /Gd /TP /analyze- /errorReport:prompt ..\Source\starcraftsearch\StarcraftData.cpp ..\Source\starcraftsearch\test.cpp
         StarcraftData.cpp
     1>c:\users\iarfmoose\documents\github\moosebotz\starcraftbuildordersearch1\source\starcraftsearch\Common.h(5): fatal error C1083: Cannot open include file: 'boost/foreach.hpp': No such file or directory
         test.cpp
     1>c:\users\iarfmoose\documents\github\moosebotz\starcraftbuildordersearch1\source\starcraftsearch\Common.h(5): fatal error C1083: Cannot open include file: 'boost/foreach.hpp': No such file or directory
     1>Done Building Project "C:\Users\IarfMoose\Documents\GitHub\MooseBotZ\StarcraftBuildOrderSearch1\VisualStudio\StarcraftBuildOrderSearch.vcxproj" (Rebuild target(s)) -- FAILED.

Build FAILED.

Time Elapsed 00:00:01.21
